<?xml version="1.0" encoding="UTF-8" ?>
<testsuite tests="42" failures="0" name="com.iota.iri.controllers.TransactionViewModelTest" time="0.069" errors="0" skipped="0">
  <properties>
[...]
</properties>
  <testcase classname="com.iota.iri.controllers.TransactionViewModelTest" name="getApprovers" time="0.047"/>
  <testcase classname="com.iota.iri.controllers.TransactionViewModelTest" name="getTrunkTransaction" time="0"/>
  <testcase classname="com.iota.iri.controllers.TransactionViewModelTest" name="getTag" time="0"/>
  <testcase classname="com.iota.iri.controllers.TransactionViewModelTest" name="fromHash" time="0"/>
  <testcase classname="com.iota.iri.controllers.TransactionViewModelTest" name="getCurrentIndex" time="0"/>
  <testcase classname="com.iota.iri.controllers.TransactionViewModelTest" name="getArrivalTime" time="0"/>
  <testcase classname="com.iota.iri.controllers.TransactionViewModelTest" name="fromAddress" time="0"/>
  <testcase classname="com.iota.iri.controllers.TransactionViewModelTest" name="updateHeightShouldWork" time="0"/>
  <testcase classname="com.iota.iri.controllers.TransactionViewModelTest" name="update" time="0"/>
  <testcase classname="com.iota.iri.controllers.TransactionViewModelTest" name="updateHeightPrefilledSlotShouldFail" time="0"/>
  <testcase classname="com.iota.iri.controllers.TransactionViewModelTest" name="updateApprovers" time="0"/>
  <testcase classname="com.iota.iri.controllers.TransactionViewModelTest" name="fromTag" time="0"/>
  <testcase classname="com.iota.iri.controllers.TransactionViewModelTest" name="mightExist" time="0"/>
  <testcase classname="com.iota.iri.controllers.TransactionViewModelTest" name="updateReceivedTransactionCount" time="0"/>
  <testcase classname="com.iota.iri.controllers.TransactionViewModelTest" name="updateTips" time="0"/>
  <testcase classname="com.iota.iri.controllers.TransactionViewModelTest" name="update1" time="0"/>
  <testcase classname="com.iota.iri.controllers.TransactionViewModelTest" name="approversFromHash" time="0"/>
  <testcase classname="com.iota.iri.controllers.TransactionViewModelTest" name="getAddress" time="0"/>
  <testcase classname="com.iota.iri.controllers.TransactionViewModelTest" name="getHash" time="0"/>
  <testcase classname="com.iota.iri.controllers.TransactionViewModelTest" name="getType" time="0"/>
  <testcase classname="com.iota.iri.controllers.TransactionViewModelTest" name="dump" time="0"/>
  <testcase classname="com.iota.iri.controllers.TransactionViewModelTest" name="getBranchTransaction" time="0"/>
  <testcase classname="com.iota.iri.controllers.TransactionViewModelTest" name="fromHash1" time="0"/>
  <testcase classname="com.iota.iri.controllers.TransactionViewModelTest" name="store" time="0"/>
  <testcase classname="com.iota.iri.controllers.TransactionViewModelTest" name="trits" time="0"/>
  <testcase classname="com.iota.iri.controllers.TransactionViewModelTest" name="value" time="0"/>
  <testcase classname="com.iota.iri.controllers.TransactionViewModelTest" name="getTrunkTransactionHash" time="0"/>
  <testcase classname="com.iota.iri.controllers.TransactionViewModelTest" name="getBundleTransactions" time="0"/>
  <testcase classname="com.iota.iri.controllers.TransactionViewModelTest" name="setValidity" time="0"/>
  <testcase classname="com.iota.iri.controllers.TransactionViewModelTest" name="getValidity" time="0"/>
  <testcase classname="com.iota.iri.controllers.TransactionViewModelTest" name="setAnalyzed" time="0"/>
  <testcase classname="com.iota.iri.controllers.TransactionViewModelTest" name="getTransactionAnalyzedFlag" time="0"/>
  <testcase classname="com.iota.iri.controllers.TransactionViewModelTest" name="getBundleHash" time="0"/>
  <testcase classname="com.iota.iri.controllers.TransactionViewModelTest" name="getBranchTransactionHash" time="0"/>
  <testcase classname="com.iota.iri.controllers.TransactionViewModelTest" name="hashesFromQuery" time="0"/>
  <testcase classname="com.iota.iri.controllers.TransactionViewModelTest" name="setArrivalTime" time="0"/>
  <testcase classname="com.iota.iri.controllers.TransactionViewModelTest" name="findShouldReturnNull" time="0"/>
  <testcase classname="com.iota.iri.controllers.TransactionViewModelTest" name="fromBundle" time="0"/>
  <testcase classname="com.iota.iri.controllers.TransactionViewModelTest" name="getBytes" time="0"/>
  <testcase classname="com.iota.iri.controllers.TransactionViewModelTest" name="getValue" time="0"/>
  <testcase classname="com.iota.iri.controllers.TransactionViewModelTest" name="getLastIndex" time="0"/>
  <testcase classname="com.iota.iri.controllers.TransactionViewModelTest" name="findShouldBeSuccessful" time="0.022"/>
</testsuite>